2024-11-10 09:18:53,437 - GitAutomation - INFO - Commande exécutée: git status
2024-11-10 09:18:53,437 - GitAutomation - INFO - Sortie: Sur la branche master
Votre branche est à jour avec 'origin/master'.

Modifications qui ne seront pas validées :
  (utilisez "git add <fichier>..." pour mettre à jour ce qui sera validé)
  (utilisez "git restore <fichier>..." pour annuler les modifications dans le répertoire de travail)
	modifié :         compare2_md.py

Fichiers non suivis:
  (utilisez "git add <fichier>..." pour inclure dans ce qui sera validé)
	__pycache__/
	compare_action.py
	directory_comparison_20241109_235256.log
	directory_comparison_20241110_000115.log
	directory_comparison_20241110_091219.log
	file_manager_20241109_233510.log
	file_manager_20241109_234409.log
	file_manager_20241109_234912.log
	file_manager_20241109_234958.log
	file_manager_20241109_235355.log
	file_manager_20241110_000213.log
	file_manager_20241110_000453.log
	file_manager_20241110_000513.log
	file_manager_20241110_000541.log
	file_manager_20241110_090233.log
	file_manager_20241110_090847.log
	file_manager_20241110_091219.log
	git_automation_20241110.log
	git_control.py

aucune modification n'a été ajoutée à la validation (utilisez "git add" ou "git commit -a")

2024-11-10 09:21:27,615 - GitAutomation - INFO - Commande exécutée: git status
2024-11-10 09:21:27,615 - GitAutomation - INFO - Sortie: Sur la branche master
Votre branche est à jour avec 'origin/master'.

Modifications qui ne seront pas validées :
  (utilisez "git add <fichier>..." pour mettre à jour ce qui sera validé)
  (utilisez "git restore <fichier>..." pour annuler les modifications dans le répertoire de travail)
	modifié :         compare2_md.py

Fichiers non suivis:
  (utilisez "git add <fichier>..." pour inclure dans ce qui sera validé)
	__pycache__/
	compare_action.py
	directory_comparison_20241109_235256.log
	directory_comparison_20241110_000115.log
	directory_comparison_20241110_091219.log
	file_manager_20241109_233510.log
	file_manager_20241109_234409.log
	file_manager_20241109_234912.log
	file_manager_20241109_234958.log
	file_manager_20241109_235355.log
	file_manager_20241110_000213.log
	file_manager_20241110_000453.log
	file_manager_20241110_000513.log
	file_manager_20241110_000541.log
	file_manager_20241110_090233.log
	file_manager_20241110_090847.log
	file_manager_20241110_091219.log
	git_automation_20241110.log
	git_control.py

aucune modification n'a été ajoutée à la validation (utilisez "git add" ou "git commit -a")

